<?xml version="1.0" encoding="UTF-8"?>
<!-- Generated by org.testng.reporters.JUnitReportReporter -->
<testsuite hostname="salman-PC" name="Testcases.Gcrit" tests="1" failures="0" timestamp="16 Oct 2019 11:15:54 GMT" time="1.660" errors="0">
  <testcase name="launchappliction" time="1.660" classname="Testcases.Gcrit"/>
</testsuite> <!-- Testcases.Gcrit -->
